[DAEMON] Starting Unified Hive-Mind & StatArb Daemon...
[DAEMON] Bridge mapped. Entering continuous loop...
[CRUCIBLE] Scanning universe...
[DAEMON] Best pair: BTC-USD/ETH-USD | Z: -0.58
[CRUCIBLE] Scanning universe...
[DAEMON] Best pair: BTC-USD/ETH-USD | Z: -0.58
[CRUCIBLE] Scanning universe...
[DAEMON] Best pair: BTC-USD/ETH-USD | Z: -0.58
[CRUCIBLE] Scanning universe...
[DAEMON] Best pair: BTC-USD/ETH-USD | Z: -0.58
[CRUCIBLE] Scanning universe...
[DAEMON] Best pair: BTC-USD/ETH-USD | Z: -0.58
[CRUCIBLE] Scanning universe...
[DAEMON] Best pair: BTC-USD/ETH-USD | Z: -0.58
[CRUCIBLE] Scanning universe...
[DAEMON] Best pair: BTC-USD/ETH-USD | Z: -0.58
[CRUCIBLE] Scanning universe...
[DAEMON] Best pair: BTC-USD/ETH-USD | Z: -0.58
[CRUCIBLE] Scanning universe...
[DAEMON] Best pair: BTC-USD/ETH-USD | Z: -0.58
[CRUCIBLE] Scanning universe...
[DAEMON] Best pair: BTC-USD/ETH-USD | Z: -0.58
[CRUCIBLE] Scanning universe...
[DAEMON] Best pair: BTC-USD/ETH-USD | Z: -0.58
[CRUCIBLE] Scanning universe...
[DAEMON] Best pair: BTC-USD/ETH-USD | Z: -0.58
[CRUCIBLE] Scanning universe...
[DAEMON] Best pair: BTC-USD/ETH-USD | Z: -0.58
[CRUCIBLE] Scanning universe...
[DAEMON] Best pair: BTC-USD/ETH-USD | Z: -0.58
[CRUCIBLE] Scanning universe...
[DAEMON] Best pair: BTC-USD/ETH-USD | Z: -0.58
[CRUCIBLE] Scanning universe...
[DAEMON] Best pair: BTC-USD/ETH-USD | Z: -0.58
[CRUCIBLE] Scanning universe...
[DAEMON] Best pair: BTC-USD/ETH-USD | Z: -0.58
[CRUCIBLE] Scanning universe...
[DAEMON] Best pair: BTC-USD/ETH-USD | Z: -0.58
[CRUCIBLE] Scanning universe...
[DAEMON] Best pair: BTC-USD/ETH-USD | Z: -0.58
[CRUCIBLE] Scanning universe...
[DAEMON] Best pair: BTC-USD/ETH-USD | Z: -0.58
[CRUCIBLE] Scanning universe...
[DAEMON] Best pair: BTC-USD/ETH-USD | Z: -0.58
[CRUCIBLE] Scanning universe...
[DAEMON] Best pair: BTC-USD/ETH-USD | Z: -0.58
[CRUCIBLE] Scanning universe...
[DAEMON] Best pair: BTC-USD/ETH-USD | Z: -0.58
[CRUCIBLE] Scanning universe...
[DAEMON] Best pair: BTC-USD/ETH-USD | Z: -0.58
[CRUCIBLE] Scanning universe...
[DAEMON] Best pair: BTC-USD/ETH-USD | Z: -0.58
[CRUCIBLE] Scanning universe...
[DAEMON] Best pair: BTC-USD/ETH-USD | Z: -0.58
[CRUCIBLE] Scanning universe...
[DAEMON] Best pair: BTC-USD/ETH-USD | Z: -0.58
[CRUCIBLE] Scanning universe...
[DAEMON] Best pair: BTC-USD/ETH-USD | Z: -0.58
[CRUCIBLE] Scanning universe...
[DAEMON] Best pair: BTC-USD/ETH-USD | Z: -0.58
[CRUCIBLE] Scanning universe...
[DAEMON] Best pair: BTC-USD/ETH-USD | Z: -0.58
[CRUCIBLE] Scanning universe...
[DAEMON] Best pair: BTC-USD/ETH-USD | Z: -0.58
[CRUCIBLE] Scanning universe...
[DAEMON] Best pair: BTC-USD/ETH-USD | Z: -0.58
[CRUCIBLE] Scanning universe...
[DAEMON] Best pair: BTC-USD/ETH-USD | Z: -0.58
[CRUCIBLE] Scanning universe...
[DAEMON] Best pair: BTC-USD/ETH-USD | Z: -0.58
[CRUCIBLE] Scanning universe...
[DAEMON] Best pair: BTC-USD/ETH-USD | Z: -0.58
[CRUCIBLE] Scanning universe...
[DAEMON] Best pair: BTC-USD/ETH-USD | Z: -0.58
[CRUCIBLE] Scanning universe...
[DAEMON] Best pair: BTC-USD/ETH-USD | Z: -0.58
[CRUCIBLE] Scanning universe...
[DAEMON] Best pair: BTC-USD/ETH-USD | Z: -0.58
[CRUCIBLE] Scanning universe...
[DAEMON] Best pair: BTC-USD/ETH-USD | Z: -0.58
[CRUCIBLE] Scanning universe...
[DAEMON] Best pair: BTC-USD/ETH-USD | Z: -0.58
[CRUCIBLE] Scanning universe...
[DAEMON] Best pair: BTC-USD/ETH-USD | Z: -0.58
[CRUCIBLE] Scanning universe...
[DAEMON] Best pair: BTC-USD/ETH-USD | Z: -0.58
[CRUCIBLE] Scanning universe...
[DAEMON] Best pair: BTC-USD/ETH-USD | Z: -0.58
[CRUCIBLE] Scanning universe...
[DAEMON] Best pair: BTC-USD/ETH-USD | Z: -0.58
[CRUCIBLE] Scanning universe...
[DAEMON] Best pair: BTC-USD/ETH-USD | Z: -0.58
[CRUCIBLE] Scanning universe...
[DAEMON] Best pair: BTC-USD/ETH-USD | Z: -0.58
[CRUCIBLE] Scanning universe...
[DAEMON] Best pair: BTC-USD/ETH-USD | Z: -0.58
[CRUCIBLE] Scanning universe...
[DAEMON] Best pair: BTC-USD/ETH-USD | Z: -0.58
[CRUCIBLE] Scanning universe...
[DAEMON] Best pair: BTC-USD/ETH-USD | Z: -0.58
[CRUCIBLE] Scanning universe...
[DAEMON] Best pair: BTC-USD/ETH-USD | Z: -0.58
[CRUCIBLE] Scanning universe...
[DAEMON] Best pair: BTC-USD/ETH-USD | Z: -0.58
[CRUCIBLE] Scanning universe...
[DAEMON] Best pair: BTC-USD/ETH-USD | Z: -0.58
[CRUCIBLE] Scanning universe...
[DAEMON] Best pair: BTC-USD/ETH-USD | Z: -0.58
[CRUCIBLE] Scanning universe...
[DAEMON] Best pair: BTC-USD/ETH-USD | Z: -0.58
[CRUCIBLE] Scanning universe...
[DAEMON] Best pair: BTC-USD/ETH-USD | Z: -0.58
[CRUCIBLE] Scanning universe...
[DAEMON] Best pair: BTC-USD/ETH-USD | Z: -0.58
[CRUCIBLE] Scanning universe...
[DAEMON] Best pair: BTC-USD/ETH-USD | Z: -0.58
[CRUCIBLE] Scanning universe...
[DAEMON] Best pair: BTC-USD/ETH-USD | Z: -0.58
[CRUCIBLE] Scanning universe...
[DAEMON] Best pair: BTC-USD/ETH-USD | Z: -0.58
[CRUCIBLE] Scanning universe...
[DAEMON] Best pair: BTC-USD/ETH-USD | Z: -0.58
[CRUCIBLE] Scanning universe...
[DAEMON] Best pair: BTC-USD/ETH-USD | Z: -0.58
[CRUCIBLE] Scanning universe...
  [DATA] Fetching SPY and IVV...
  [DATA] Fetching SPY and GLD...
  [DATA] Fetching SPY and IAU...
  [DATA] Fetching SPY and BTC-USD...
  [DATA] Fetching SPY and ETH-USD...
  [DATA] Fetching IVV and GLD...
  [DATA] Fetching IVV and IAU...
  [DATA] Fetching IVV and BTC-USD...
  [DATA] Fetching IVV and ETH-USD...
  [DATA] Fetching GLD and IAU...
  [DATA] Fetching GLD and BTC-USD...
  [DATA] Fetching GLD and ETH-USD...
  [DATA] Fetching IAU and BTC-USD...
  [DATA] Fetching IAU and ETH-USD...
  [DATA] Fetching BTC-USD and ETH-USD...
[DAEMON] Best pair: BTC-USD/ETH-USD | Z: -0.58
[CRUCIBLE] Scanning universe...
[DAEMON] Best pair: BTC-USD/ETH-USD | Z: -0.58
[CRUCIBLE] Scanning universe...
[DAEMON] Best pair: BTC-USD/ETH-USD | Z: -0.58
[CRUCIBLE] Scanning universe...
[DAEMON] Best pair: BTC-USD/ETH-USD | Z: -0.58
[CRUCIBLE] Scanning universe...
[DAEMON] Best pair: BTC-USD/ETH-USD | Z: -0.58
[CRUCIBLE] Scanning universe...
[DAEMON] Best pair: BTC-USD/ETH-USD | Z: -0.58
[CRUCIBLE] Scanning universe...
[DAEMON] Best pair: BTC-USD/ETH-USD | Z: -0.58
[CRUCIBLE] Scanning universe...
