INFO:     Will watch for changes in these directories: ['/home/magi-00-wsl/workstation/home/work/financial_stack_engine']
Traceback (most recent call last):
  File "<frozen runpy>", line 198, in _run_module_as_main
  File "<frozen runpy>", line 88, in _run_code
  File "/home/magi-00-wsl/.pyenv/versions/3.12.13/lib/python3.12/site-packages/uvicorn/__main__.py", line 4, in <module>
    uvicorn.main()
  File "/home/magi-00-wsl/.pyenv/versions/3.12.13/lib/python3.12/site-packages/click/core.py", line 1485, in __call__
    return self.main(*args, **kwargs)
           ^^^^^^^^^^^^^^^^^^^^^^^^^^
  File "/home/magi-00-wsl/.pyenv/versions/3.12.13/lib/python3.12/site-packages/click/core.py", line 1406, in main
    rv = self.invoke(ctx)
         ^^^^^^^^^^^^^^^^
  File "/home/magi-00-wsl/.pyenv/versions/3.12.13/lib/python3.12/site-packages/click/core.py", line 1269, in invoke
    return ctx.invoke(self.callback, **ctx.params)
           ^^^^^^^^^^^^^^^^^^^^^^^^^^^^^^^^^^^^^^^
  File "/home/magi-00-wsl/.pyenv/versions/3.12.13/lib/python3.12/site-packages/click/core.py", line 824, in invoke
    return callback(*args, **kwargs)
           ^^^^^^^^^^^^^^^^^^^^^^^^^
  File "/home/magi-00-wsl/.pyenv/versions/3.12.13/lib/python3.12/site-packages/uvicorn/main.py", line 441, in main
    run(
  File "/home/magi-00-wsl/.pyenv/versions/3.12.13/lib/python3.12/site-packages/uvicorn/main.py", line 609, in run
    config.load_app()
  File "/home/magi-00-wsl/.pyenv/versions/3.12.13/lib/python3.12/site-packages/uvicorn/config.py", line 415, in load_app
    return import_from_string(self.app)
           ^^^^^^^^^^^^^^^^^^^^^^^^^^^^
  File "/home/magi-00-wsl/.pyenv/versions/3.12.13/lib/python3.12/site-packages/uvicorn/importer.py", line 19, in import_from_string
    module = importlib.import_module(module_str)
             ^^^^^^^^^^^^^^^^^^^^^^^^^^^^^^^^^^^
  File "/home/magi-00-wsl/.pyenv/versions/3.12.13/lib/python3.12/importlib/__init__.py", line 90, in import_module
    return _bootstrap._gcd_import(name[level:], package, level)
           ^^^^^^^^^^^^^^^^^^^^^^^^^^^^^^^^^^^^^^^^^^^^^^^^^^^^
  File "<frozen importlib._bootstrap>", line 1387, in _gcd_import
  File "<frozen importlib._bootstrap>", line 1360, in _find_and_load
  File "<frozen importlib._bootstrap>", line 1331, in _find_and_load_unlocked
  File "<frozen importlib._bootstrap>", line 935, in _load_unlocked
  File "<frozen importlib._bootstrap_external>", line 999, in exec_module
  File "<frozen importlib._bootstrap>", line 488, in _call_with_frames_removed
  File "/home/magi-00-wsl/workstation/home/work/financial_stack_engine/web/backend/main.py", line 527, in <module>
    from python.quantcore.broker.alpaca_broker import AlpacaPaperBroker
ImportError: cannot import name 'AlpacaPaperBroker' from 'python.quantcore.broker.alpaca_broker' (/home/magi-00-wsl/workstation/home/work/financial_stack_engine/python/quantcore/broker/alpaca_broker.py). Did you mean: 'AlpacaBroker'?
